<?xml version="1.0" encoding="UTF-8"?>
<testsuite xmlns:xsi="http://www.w3.org/2001/XMLSchema-instance" xsi:noNamespaceSchemaLocation="https://maven.apache.org/surefire/maven-surefire-plugin/xsd/surefire-test-report-3.0.xsd" version="3.0" name="cucumber.Options.TestRunner" time="10.149" tests="2" errors="0" skipped="0" failures="0">
  <properties>
[...]
</properties>
  <testcase name="Verify if Place is being Succesfully added using AddPlaceAPI" classname="Validating Place API&apos;s" time="6.08">
    <system-out><![CDATA[
@AddPlace
&amp#27;[1mScenario Outline:&amp#27;[22m Verify if Place is being Succesfully added using AddPlaceAPI &amp#27;[90m# file:///C:/Users/ANNU/eclipse-fresh-workspace/APIFramework/src/test/java/features/placeValidation.feature:15&amp#27;[0m
  &amp#27;[32m✔&amp#27;[0m &amp#27;[32m&amp#27;[1mGiven &amp#27;[22mAdd Place Payload with &amp#27;[1m"aaaHouse"&amp#27;[22m   &amp#27;[1m"English"&amp#27;[22m   &amp#27;[1m"world cross center"&amp#27;[22m&amp#27;[0m &amp#27;[90m# stepDefinitions.stepDefinition.add_place_payload_with(java.lang.String,java.lang.String,java.lang.String)&amp#27;[0m
maps/api/place/add/json
  &amp#27;[32m✔&amp#27;[0m &amp#27;[32m&amp#27;[1mWhen &amp#27;[22muser calls &amp#27;[1m"AddPlaceAPI"&amp#27;[22m with &amp#27;[1m"POST"&amp#27;[22m http request&amp#27;[0m                     &amp#27;[90m# stepDefinitions.stepDefinition.user_calls_with_http_request(java.lang.String,java.lang.String)&amp#27;[0m
  &amp#27;[32m✔&amp#27;[0m &amp#27;[32m&amp#27;[1mThen &amp#27;[22mthe API call got success wit status code &amp#27;[1m200&amp#27;[22m&amp#27;[0m                          &amp#27;[90m# stepDefinitions.stepDefinition.the_api_call_got_success_wit_status_code(java.lang.Integer)&amp#27;[0m
  &amp#27;[32m✔&amp#27;[0m &amp#27;[32m&amp#27;[1mAnd &amp#27;[22m&amp#27;[1m"status"&amp#27;[22m in response body is &amp#27;[1m"OK"&amp#27;[22m&amp#27;[0m                                      &amp#27;[90m# stepDefinitions.stepDefinition.in_response_body_is(java.lang.String,java.lang.String)&amp#27;[0m
  &amp#27;[32m✔&amp#27;[0m &amp#27;[32m&amp#27;[1mAnd &amp#27;[22m&amp#27;[1m"scope"&amp#27;[22m in response body is &amp#27;[1m"APP"&amp#27;[22m&amp#27;[0m                                      &amp#27;[90m# stepDefinitions.stepDefinition.in_response_body_is(java.lang.String,java.lang.String)&amp#27;[0m
/maps/api/place/get/json
  &amp#27;[32m✔&amp#27;[0m &amp#27;[32m&amp#27;[1mAnd &amp#27;[22mverify place_Id created maps to &amp#27;[1m"aaaHouse"&amp#27;[22m using &amp#27;[1m"getPlaceAPI"&amp#27;[22m&amp#27;[0m         &amp#27;[90m# stepDefinitions.stepDefinition.verify_place_id_created_maps_to_using(java.lang.String,java.lang.String)&amp#27;[0m
]]></system-out>
  </testcase>
  <testcase name="Verify if Delete Place Functionally is working" classname="Validating Place API&apos;s" time="3.164">
    <system-out><![CDATA[
@DeletePlace
&amp#27;[1mScenario:&amp#27;[22m Verify if Delete Place Functionally is working      &amp#27;[90m# file:///C:/Users/ANNU/eclipse-fresh-workspace/APIFramework/src/test/java/features/placeValidation.feature:20&amp#27;[0m
  &amp#27;[32m✔&amp#27;[0m &amp#27;[32m&amp#27;[1mGiven &amp#27;[22mAdd delte Payload&amp#27;[0m                                   &amp#27;[90m# stepDefinitions.stepDefinition.add_delte_payload()&amp#27;[0m
/maps/api/place/delete/json
  &amp#27;[32m✔&amp#27;[0m &amp#27;[32m&amp#27;[1mWhen &amp#27;[22muser calls &amp#27;[1m"deletePlaceAPI"&amp#27;[22m with &amp#27;[1m"POST"&amp#27;[22m http request&amp#27;[0m &amp#27;[90m# stepDefinitions.stepDefinition.user_calls_with_http_request(java.lang.String,java.lang.String)&amp#27;[0m
  &amp#27;[32m✔&amp#27;[0m &amp#27;[32m&amp#27;[1mThen &amp#27;[22mthe API call got success wit status code &amp#27;[1m200&amp#27;[22m&amp#27;[0m         &amp#27;[90m# stepDefinitions.stepDefinition.the_api_call_got_success_wit_status_code(java.lang.Integer)&amp#27;[0m
  &amp#27;[32m✔&amp#27;[0m &amp#27;[32m&amp#27;[1mAnd &amp#27;[22m&amp#27;[1m"status"&amp#27;[22m in response body is &amp#27;[1m"OK"&amp#27;[22m&amp#27;[0m                     &amp#27;[90m# stepDefinitions.stepDefinition.in_response_body_is(java.lang.String,java.lang.String)&amp#27;[0m
]]></system-out>
  </testcase>
</testsuite>